This file contains any messages produced by compilers while
running configure, to aid debugging if configure makes a mistake.

It was created by diff-pdf configure 0.2, which was
generated by GNU Autoconf 2.69.  Invocation command line was

  $ ./configure 

## --------- ##
## Platform. ##
## --------- ##

hostname = iris
uname -m = x86_64
uname -r = 4.4.0-43-generic
uname -s = Linux
uname -v = #63-Ubuntu SMP Wed Oct 12 13:48:03 UTC 2016

/usr/bin/uname -p = unknown
/bin/uname -X     = unknown

/bin/arch              = unknown
/usr/bin/arch -k       = unknown
/usr/convex/getsysinfo = unknown
/usr/bin/hostinfo      = unknown
/bin/machine           = unknown
/usr/bin/oslevel       = unknown
/bin/universe          = unknown

PATH: /usr/local/sbin
PATH: /usr/local/bin
PATH: /usr/sbin
PATH: /usr/bin
PATH: /sbin
PATH: /bin
PATH: /usr/games
PATH: /usr/local/games
PATH: /snap/bin


## ----------- ##
## Core tests. ##
## ----------- ##

configure:1912: checking for a BSD-compatible install
configure:1980: result: /usr/bin/install -c
configure:1991: checking whether build environment is sane
configure:2046: result: yes
configure:2197: checking for a thread-safe mkdir -p
configure:2236: result: /bin/mkdir -p
configure:2243: checking for gawk
configure:2259: found /usr/bin/gawk
configure:2270: result: gawk
configure:2281: checking whether make sets $(MAKE)
configure:2303: result: yes
configure:2332: checking whether make supports nested variables
configure:2349: result: yes
configure:2476: checking whether to enable maintainer-specific portions of Makefiles
configure:2485: result: no
configure:2510: checking whether make supports nested variables
configure:2527: result: yes
configure:2543: checking build system type
configure:2557: result: x86_64-pc-linux-gnu
configure:2577: checking host system type
configure:2590: result: x86_64-pc-linux-gnu
configure:2671: checking for g++
configure:2687: found /usr/bin/g++
configure:2698: result: g++
configure:2725: checking for C++ compiler version
configure:2734: g++ --version >&5
g++ (Ubuntu 5.4.0-6ubuntu1~16.04.4) 5.4.0 20160609
Copyright (C) 2015 Free Software Foundation, Inc.
This is free software; see the source for copying conditions.  There is NO
warranty; not even for MERCHANTABILITY or FITNESS FOR A PARTICULAR PURPOSE.

configure:2745: $? = 0
configure:2734: g++ -v >&5
Using built-in specs.
COLLECT_GCC=g++
COLLECT_LTO_WRAPPER=/usr/lib/gcc/x86_64-linux-gnu/5/lto-wrapper
Target: x86_64-linux-gnu
Configured with: ../src/configure -v --with-pkgversion='Ubuntu 5.4.0-6ubuntu1~16.04.4' --with-bugurl=file:///usr/share/doc/gcc-5/README.Bugs --enable-languages=c,ada,c++,java,go,d,fortran,objc,obj-c++ --prefix=/usr --program-suffix=-5 --enable-shared --enable-linker-build-id --libexecdir=/usr/lib --without-included-gettext --enable-threads=posix --libdir=/usr/lib --enable-nls --with-sysroot=/ --enable-clocale=gnu --enable-libstdcxx-debug --enable-libstdcxx-time=yes --with-default-libstdcxx-abi=new --enable-gnu-unique-object --disable-vtable-verify --enable-libmpx --enable-plugin --with-system-zlib --disable-browser-plugin --enable-java-awt=gtk --enable-gtk-cairo --with-java-home=/usr/lib/jvm/java-1.5.0-gcj-5-amd64/jre --enable-java-home --with-jvm-root-dir=/usr/lib/jvm/java-1.5.0-gcj-5-amd64 --with-jvm-jar-dir=/usr/lib/jvm-exports/java-1.5.0-gcj-5-amd64 --with-arch-directory=amd64 --with-ecj-jar=/usr/share/java/eclipse-ecj.jar --enable-objc-gc --enable-multiarch --disable-werror --with-arch-32=i686 --with-abi=m64 --with-multilib-list=m32,m64,mx32 --enable-multilib --with-tune=generic --enable-checking=release --build=x86_64-linux-gnu --host=x86_64-linux-gnu --target=x86_64-linux-gnu
Thread model: posix
gcc version 5.4.0 20160609 (Ubuntu 5.4.0-6ubuntu1~16.04.4) 
configure:2745: $? = 0
configure:2734: g++ -V >&5
g++: error: unrecognized command line option '-V'
g++: fatal error: no input files
compilation terminated.
configure:2745: $? = 1
configure:2734: g++ -qversion >&5
g++: error: unrecognized command line option '-qversion'
g++: fatal error: no input files
compilation terminated.
configure:2745: $? = 1
configure:2765: checking whether the C++ compiler works
configure:2787: g++    conftest.cpp  >&5
configure:2791: $? = 0
configure:2839: result: yes
configure:2842: checking for C++ compiler default output file name
configure:2844: result: a.out
configure:2850: checking for suffix of executables
configure:2857: g++ -o conftest    conftest.cpp  >&5
configure:2861: $? = 0
configure:2883: result: 
configure:2905: checking whether we are cross compiling
configure:2913: g++ -o conftest    conftest.cpp  >&5
configure:2917: $? = 0
configure:2924: ./conftest
configure:2928: $? = 0
configure:2943: result: no
configure:2948: checking for suffix of object files
configure:2970: g++ -c   conftest.cpp >&5
configure:2974: $? = 0
configure:2995: result: o
configure:2999: checking whether we are using the GNU C++ compiler
configure:3018: g++ -c   conftest.cpp >&5
configure:3018: $? = 0
configure:3027: result: yes
configure:3036: checking whether g++ accepts -g
configure:3056: g++ -c -g  conftest.cpp >&5
configure:3056: $? = 0
configure:3097: result: yes
configure:3131: checking for style of include used by make
configure:3159: result: GNU
configure:3185: checking dependency style of g++
configure:3296: result: gcc3
configure:3373: checking for pkg-config
configure:3391: found /usr/bin/pkg-config
configure:3403: result: /usr/bin/pkg-config
configure:3428: checking pkg-config is at least version 0.9.0
configure:3431: result: yes
configure:3441: checking for POPPLER
configure:3448: $PKG_CONFIG --exists --print-errors "poppler-cairo >= 0.10 poppler-glib >= 0.10 cairo-pdf"
configure:3451: $? = 0
configure:3465: $PKG_CONFIG --exists --print-errors "poppler-cairo >= 0.10 poppler-glib >= 0.10 cairo-pdf"
configure:3468: $? = 0
configure:3526: result: yes
configure:3593: checking for wx-config
configure:3612: found /usr/bin/wx-config
configure:3625: result: /usr/bin/wx-config
configure:3640: checking for wxWidgets version >= 3.0.0
configure:3686: result: yes (version 3.0.2)
configure:3690: checking for wxWidgets static library
configure:3694: result: no
configure:3979: checking that generated files are newer than configure
configure:3985: result: done
configure:4012: creating ./config.status

## ---------------------- ##
## Running config.status. ##
## ---------------------- ##

This file was extended by diff-pdf config.status 0.2, which was
generated by GNU Autoconf 2.69.  Invocation command line was

  CONFIG_FILES    = 
  CONFIG_HEADERS  = 
  CONFIG_LINKS    = 
  CONFIG_COMMANDS = 
  $ ./config.status 

on iris

config.status:803: creating Makefile
config.status:975: executing depfiles commands

## ---------------- ##
## Cache variables. ##
## ---------------- ##

ac_cv_build=x86_64-pc-linux-gnu
ac_cv_cxx_compiler_gnu=yes
ac_cv_env_CCC_set=
ac_cv_env_CCC_value=
ac_cv_env_CPPFLAGS_set=
ac_cv_env_CPPFLAGS_value=
ac_cv_env_CXXFLAGS_set=
ac_cv_env_CXXFLAGS_value=
ac_cv_env_CXX_set=
ac_cv_env_CXX_value=
ac_cv_env_LDFLAGS_set=
ac_cv_env_LDFLAGS_value=
ac_cv_env_LIBS_set=
ac_cv_env_LIBS_value=
ac_cv_env_PKG_CONFIG_LIBDIR_set=
ac_cv_env_PKG_CONFIG_LIBDIR_value=
ac_cv_env_PKG_CONFIG_PATH_set=
ac_cv_env_PKG_CONFIG_PATH_value=
ac_cv_env_PKG_CONFIG_set=
ac_cv_env_PKG_CONFIG_value=
ac_cv_env_POPPLER_CFLAGS_set=
ac_cv_env_POPPLER_CFLAGS_value=
ac_cv_env_POPPLER_LIBS_set=
ac_cv_env_POPPLER_LIBS_value=
ac_cv_env_build_alias_set=
ac_cv_env_build_alias_value=
ac_cv_env_host_alias_set=
ac_cv_env_host_alias_value=
ac_cv_env_target_alias_set=
ac_cv_env_target_alias_value=
ac_cv_host=x86_64-pc-linux-gnu
ac_cv_objext=o
ac_cv_path_WX_CONFIG_PATH=/usr/bin/wx-config
ac_cv_path_ac_pt_PKG_CONFIG=/usr/bin/pkg-config
ac_cv_path_install='/usr/bin/install -c'
ac_cv_path_mkdir=/bin/mkdir
ac_cv_prog_AWK=gawk
ac_cv_prog_ac_ct_CXX=g++
ac_cv_prog_cxx_g=yes
ac_cv_prog_make_make_set=yes
am_cv_CXX_dependencies_compiler_type=gcc3
am_cv_make_support_nested_variables=yes
pkg_cv_POPPLER_CFLAGS='-pthread -I/usr/include/poppler/glib -I/usr/include/poppler -I/usr/include/cairo -I/usr/include/glib-2.0 -I/usr/lib/x86_64-linux-gnu/glib-2.0/include -I/usr/include/pixman-1 -I/usr/include/freetype2 -I/usr/include/libpng12'
pkg_cv_POPPLER_LIBS='-lpoppler -lpoppler-glib -lgio-2.0 -lgobject-2.0 -lglib-2.0 -lz -lcairo'

## ----------------- ##
## Output variables. ##
## ----------------- ##

ACLOCAL='${SHELL} /home/bryce/diff-pdf/admin/missing aclocal-1.15'
AMDEPBACKSLASH='\'
AMDEP_FALSE='#'
AMDEP_TRUE=''
AMTAR='$${TAR-tar}'
AM_BACKSLASH='\'
AM_DEFAULT_V='$(AM_DEFAULT_VERBOSITY)'
AM_DEFAULT_VERBOSITY='0'
AM_V='$(V)'
AUTOCONF='${SHELL} /home/bryce/diff-pdf/admin/missing autoconf'
AUTOHEADER='${SHELL} /home/bryce/diff-pdf/admin/missing autoheader'
AUTOMAKE='${SHELL} /home/bryce/diff-pdf/admin/missing automake-1.15'
AWK='gawk'
CPPFLAGS=''
CXX='g++'
CXXDEPMODE='depmode=gcc3'
CXXFLAGS='-g -O2'
CYGPATH_W='echo'
DEFS='-DPACKAGE_NAME=\"diff-pdf\" -DPACKAGE_TARNAME=\"diff-pdf\" -DPACKAGE_VERSION=\"0.2\" -DPACKAGE_STRING=\"diff-pdf\ 0.2\" -DPACKAGE_BUGREPORT=\"vslavik@fastmail.fm\" -DPACKAGE_URL=\"\" -DPACKAGE=\"diff-pdf\" -DVERSION=\"0.2\"'
DEPDIR='.deps'
ECHO_C=''
ECHO_N='-n'
ECHO_T=''
EXEEXT=''
INSTALL_DATA='${INSTALL} -m 644'
INSTALL_PROGRAM='${INSTALL}'
INSTALL_SCRIPT='${INSTALL}'
INSTALL_STRIP_PROGRAM='$(install_sh) -c -s'
LDFLAGS=''
LIBOBJS=''
LIBS=''
LTLIBOBJS=''
MAINT='#'
MAINTAINER_MODE_FALSE=''
MAINTAINER_MODE_TRUE='#'
MAKEINFO='${SHELL} /home/bryce/diff-pdf/admin/missing makeinfo'
MKDIR_P='/bin/mkdir -p'
OBJEXT='o'
PACKAGE='diff-pdf'
PACKAGE_BUGREPORT='vslavik@fastmail.fm'
PACKAGE_NAME='diff-pdf'
PACKAGE_STRING='diff-pdf 0.2'
PACKAGE_TARNAME='diff-pdf'
PACKAGE_URL=''
PACKAGE_VERSION='0.2'
PATH_SEPARATOR=':'
PKG_CONFIG='/usr/bin/pkg-config'
PKG_CONFIG_LIBDIR=''
PKG_CONFIG_PATH=''
POPPLER_CFLAGS='-pthread -I/usr/include/poppler/glib -I/usr/include/poppler -I/usr/include/cairo -I/usr/include/glib-2.0 -I/usr/lib/x86_64-linux-gnu/glib-2.0/include -I/usr/include/pixman-1 -I/usr/include/freetype2 -I/usr/include/libpng12'
POPPLER_LIBS='-lpoppler -lpoppler-glib -lgio-2.0 -lgobject-2.0 -lglib-2.0 -lz -lcairo'
SET_MAKE=''
SHELL='/bin/bash'
STRIP=''
VERSION='0.2'
WX_CFLAGS='-I/usr/lib/x86_64-linux-gnu/wx/include/gtk2-unicode-3.0 -I/usr/include/wx-3.0 -D_FILE_OFFSET_BITS=64 -DWXUSINGDLL -D__WXGTK__ -pthread'
WX_CFLAGS_ONLY='-pthread'
WX_CONFIG_PATH='/usr/bin/wx-config'
WX_CPPFLAGS='-I/usr/lib/x86_64-linux-gnu/wx/include/gtk2-unicode-3.0 -I/usr/include/wx-3.0 -D_FILE_OFFSET_BITS=64 -DWXUSINGDLL -D__WXGTK__'
WX_CXXFLAGS='-I/usr/lib/x86_64-linux-gnu/wx/include/gtk2-unicode-3.0 -I/usr/include/wx-3.0 -D_FILE_OFFSET_BITS=64 -DWXUSINGDLL -D__WXGTK__ -pthread'
WX_CXXFLAGS_ONLY=''
WX_LIBS='-L/usr/lib/x86_64-linux-gnu -pthread   -lwx_gtk2u_core-3.0 -lwx_baseu-3.0 '
WX_LIBS_STATIC=''
WX_RESCOMP=''
WX_VERSION='3.0.2'
WX_VERSION_MAJOR='3'
WX_VERSION_MICRO='2'
WX_VERSION_MINOR='0'
ac_ct_CXX='g++'
am__EXEEXT_FALSE=''
am__EXEEXT_TRUE='#'
am__fastdepCXX_FALSE='#'
am__fastdepCXX_TRUE=''
am__include='include'
am__isrc=''
am__leading_dot='.'
am__nodep='_no'
am__quote=''
am__tar='$${TAR-tar} chof - "$$tardir"'
am__untar='$${TAR-tar} xf -'
bindir='${exec_prefix}/bin'
build='x86_64-pc-linux-gnu'
build_alias=''
build_cpu='x86_64'
build_os='linux-gnu'
build_vendor='pc'
datadir='${datarootdir}'
datarootdir='${prefix}/share'
docdir='${datarootdir}/doc/${PACKAGE_TARNAME}'
dvidir='${docdir}'
exec_prefix='${prefix}'
host='x86_64-pc-linux-gnu'
host_alias=''
host_cpu='x86_64'
host_os='linux-gnu'
host_vendor='pc'
htmldir='${docdir}'
includedir='${prefix}/include'
infodir='${datarootdir}/info'
install_sh='${SHELL} /home/bryce/diff-pdf/admin/install-sh'
libdir='${exec_prefix}/lib'
libexecdir='${exec_prefix}/libexec'
localedir='${datarootdir}/locale'
localstatedir='${prefix}/var'
mandir='${datarootdir}/man'
mkdir_p='$(MKDIR_P)'
oldincludedir='/usr/include'
pdfdir='${docdir}'
prefix='/usr/local'
program_transform_name='s,x,x,'
psdir='${docdir}'
runstatedir='${localstatedir}/run'
sbindir='${exec_prefix}/sbin'
sharedstatedir='${prefix}/com'
sysconfdir='${prefix}/etc'
target_alias=''

## ----------- ##
## confdefs.h. ##
## ----------- ##

/* confdefs.h */
#define PACKAGE_NAME "diff-pdf"
#define PACKAGE_TARNAME "diff-pdf"
#define PACKAGE_VERSION "0.2"
#define PACKAGE_STRING "diff-pdf 0.2"
#define PACKAGE_BUGREPORT "vslavik@fastmail.fm"
#define PACKAGE_URL ""
#define PACKAGE "diff-pdf"
#define VERSION "0.2"

configure: exit 0
